{"/Users/sethntumba/egmc-choirhub/src/components/ErrorBoundary.tsx": {"path":"/Users/sethntumba/egmc-choirhub/src/components/ErrorBoundary.tsx","statementMap":{"0":{"start":{"line":15,"column":4},"end":{"line":15,"column":null}},"1":{"start":{"line":16,"column":4},"end":{"line":16,"column":null}},"2":{"start":{"line":20,"column":4},"end":{"line":20,"column":null}},"3":{"start":{"line":24,"column":4},"end":{"line":24,"column":null}},"4":{"start":{"line":28,"column":4},"end":{"line":48,"column":null}},"5":{"start":{"line":29,"column":6},"end":{"line":46,"column":null}},"6":{"start":{"line":40,"column":29},"end":{"line":40,"column":null}},"7":{"start":{"line":50,"column":4},"end":{"line":50,"column":null}}},"fnMap":{"0":{"name":"(anonymous_0)","decl":{"start":{"line":14,"column":2},"end":{"line":14,"column":14}},"loc":{"start":{"line":14,"column":28},"end":{"line":17,"column":null}},"line":14},"1":{"name":"(anonymous_1)","decl":{"start":{"line":19,"column":9},"end":{"line":19,"column":34}},"loc":{"start":{"line":19,"column":48},"end":{"line":21,"column":null}},"line":19},"2":{"name":"(anonymous_2)","decl":{"start":{"line":23,"column":2},"end":{"line":23,"column":20}},"loc":{"start":{"line":23,"column":34},"end":{"line":25,"column":null}},"line":23},"3":{"name":"(anonymous_3)","decl":{"start":{"line":27,"column":2},"end":{"line":27,"column":11}},"loc":{"start":{"line":27,"column":11},"end":{"line":51,"column":null}},"line":27},"4":{"name":"(anonymous_4)","decl":{"start":{"line":40,"column":23},"end":{"line":40,"column":29}},"loc":{"start":{"line":40,"column":29},"end":{"line":40,"column":null}},"line":40}},"branchMap":{"0":{"loc":{"start":{"line":28,"column":4},"end":{"line":48,"column":null}},"type":"if","locations":[{"start":{"line":28,"column":4},"end":{"line":48,"column":null}},{"start":{},"end":{}}],"line":28},"1":{"loc":{"start":{"line":37,"column":15},"end":{"line":37,"column":null}},"type":"binary-expr","locations":[{"start":{"line":37,"column":15},"end":{"line":37,"column":44}},{"start":{"line":37,"column":44},"end":{"line":37,"column":null}}],"line":37}},"s":{"0":2,"1":2,"2":0,"3":0,"4":2,"5":0,"6":0,"7":2},"f":{"0":2,"1":1,"2":0,"3":2,"4":0},"b":{"0":[0,2],"1":[0,0]},"meta":{"lastBranch":2,"lastFunction":5,"lastStatement":8,"seen":{"f:14:2:14:14":0,"s:15:4:15:Infinity":0,"s:16:4:16:Infinity":1,"f:19:9:19:34":1,"s:20:4:20:Infinity":2,"f:23:2:23:20":2,"s:24:4:24:Infinity":3,"f:27:2:27:11":3,"b:28:4:48:Infinity:undefined:undefined:undefined:undefined":0,"s:28:4:48:Infinity":4,"s:29:6:46:Infinity":5,"b:37:15:37:44:37:44:37:Infinity":1,"f:40:23:40:29":4,"s:40:29:40:Infinity":6,"s:50:4:50:Infinity":7}}}
,"/Users/sethntumba/egmc-choirhub/src/contexts/AuthContext.tsx": {"path":"/Users/sethntumba/egmc-choirhub/src/contexts/AuthContext.tsx","statementMap":{"0":{"start":{"line":23,"column":6},"end":{"line":23,"column":null}},"1":{"start":{"line":25,"column":69},"end":{"line":154,"column":null}},"2":{"start":{"line":26,"column":22},"end":{"line":26,"column":null}},"3":{"start":{"line":27,"column":28},"end":{"line":27,"column":null}},"4":{"start":{"line":29,"column":2},"end":{"line":42,"column":null}},"5":{"start":{"line":30,"column":4},"end":{"line":30,"column":null}},"6":{"start":{"line":31,"column":35},"end":{"line":37,"column":null}},"7":{"start":{"line":32,"column":6},"end":{"line":36,"column":null}},"8":{"start":{"line":33,"column":8},"end":{"line":33,"column":null}},"9":{"start":{"line":35,"column":8},"end":{"line":35,"column":null}},"10":{"start":{"line":39,"column":4},"end":{"line":41,"column":null}},"11":{"start":{"line":40,"column":6},"end":{"line":40,"column":null}},"12":{"start":{"line":44,"column":27},"end":{"line":65,"column":null}},"13":{"start":{"line":45,"column":4},"end":{"line":64,"column":null}},"14":{"start":{"line":46,"column":39},"end":{"line":50,"column":null}},"15":{"start":{"line":52,"column":6},"end":{"line":52,"column":null}},"16":{"start":{"line":52,"column":17},"end":{"line":52,"column":null}},"17":{"start":{"line":54,"column":6},"end":{"line":61,"column":null}},"18":{"start":{"line":55,"column":8},"end":{"line":60,"column":null}},"19":{"start":{"line":63,"column":6},"end":{"line":63,"column":null}},"20":{"start":{"line":67,"column":20},"end":{"line":85,"column":null}},"21":{"start":{"line":68,"column":4},"end":{"line":84,"column":null}},"22":{"start":{"line":69,"column":36},"end":{"line":69,"column":null}},"23":{"start":{"line":70,"column":6},"end":{"line":70,"column":null}},"24":{"start":{"line":73,"column":6},"end":{"line":76,"column":null}},"25":{"start":{"line":74,"column":8},"end":{"line":74,"column":null}},"26":{"start":{"line":75,"column":8},"end":{"line":75,"column":null}},"27":{"start":{"line":77,"column":6},"end":{"line":79,"column":null}},"28":{"start":{"line":78,"column":8},"end":{"line":78,"column":null}},"29":{"start":{"line":81,"column":6},"end":{"line":81,"column":null}},"30":{"start":{"line":83,"column":6},"end":{"line":83,"column":null}},"31":{"start":{"line":87,"column":16},"end":{"line":122,"column":null}},"32":{"start":{"line":88,"column":28},"end":{"line":88,"column":null}},"33":{"start":{"line":89,"column":4},"end":{"line":89,"column":null}},"34":{"start":{"line":89,"column":15},"end":{"line":89,"column":null}},"35":{"start":{"line":91,"column":4},"end":{"line":121,"column":null}},"36":{"start":{"line":93,"column":32},"end":{"line":97,"column":null}},"37":{"start":{"line":99,"column":6},"end":{"line":120,"column":null}},"38":{"start":{"line":100,"column":8},"end":{"line":105,"column":null}},"39":{"start":{"line":108,"column":8},"end":{"line":112,"column":null}},"40":{"start":{"line":111,"column":10},"end":{"line":111,"column":null}},"41":{"start":{"line":114,"column":8},"end":{"line":119,"column":null}},"42":{"start":{"line":124,"column":19},"end":{"line":133,"column":null}},"43":{"start":{"line":125,"column":22},"end":{"line":131,"column":null}},"44":{"start":{"line":132,"column":4},"end":{"line":132,"column":null}},"45":{"start":{"line":132,"column":15},"end":{"line":132,"column":null}},"46":{"start":{"line":135,"column":17},"end":{"line":138,"column":null}},"47":{"start":{"line":136,"column":4},"end":{"line":136,"column":null}},"48":{"start":{"line":137,"column":4},"end":{"line":137,"column":null}},"49":{"start":{"line":140,"column":2},"end":{"line":152,"column":null}},"50":{"start":{"line":156,"column":23},"end":{"line":162,"column":null}},"51":{"start":{"line":157,"column":8},"end":{"line":157,"column":null}},"52":{"start":{"line":158,"column":2},"end":{"line":160,"column":null}},"53":{"start":{"line":159,"column":4},"end":{"line":159,"column":null}},"54":{"start":{"line":161,"column":2},"end":{"line":161,"column":null}}},"fnMap":{"0":{"name":"(anonymous_0)","decl":{"start":{"line":25,"column":69},"end":{"line":25,"column":70}},"loc":{"start":{"line":25,"column":87},"end":{"line":154,"column":null}},"line":25},"1":{"name":"(anonymous_1)","decl":{"start":{"line":29,"column":12},"end":{"line":29,"column":18}},"loc":{"start":{"line":29,"column":18},"end":{"line":42,"column":5}},"line":29},"2":{"name":"(anonymous_2)","decl":{"start":{"line":31,"column":67},"end":{"line":31,"column":68}},"loc":{"start":{"line":31,"column":88},"end":{"line":37,"column":5}},"line":31},"3":{"name":"(anonymous_3)","decl":{"start":{"line":39,"column":11},"end":{"line":39,"column":17}},"loc":{"start":{"line":39,"column":17},"end":{"line":41,"column":null}},"line":39},"4":{"name":"(anonymous_4)","decl":{"start":{"line":44,"column":27},"end":{"line":44,"column":34}},"loc":{"start":{"line":44,"column":53},"end":{"line":65,"column":null}},"line":44},"5":{"name":"(anonymous_5)","decl":{"start":{"line":67,"column":20},"end":{"line":67,"column":32}},"loc":{"start":{"line":67,"column":32},"end":{"line":85,"column":null}},"line":67},"6":{"name":"(anonymous_6)","decl":{"start":{"line":73,"column":17},"end":{"line":73,"column":29}},"loc":{"start":{"line":73,"column":29},"end":{"line":76,"column":9}},"line":73},"7":{"name":"(anonymous_7)","decl":{"start":{"line":87,"column":16},"end":{"line":87,"column":23}},"loc":{"start":{"line":87,"column":59},"end":{"line":122,"column":null}},"line":87},"8":{"name":"(anonymous_8)","decl":{"start":{"line":124,"column":19},"end":{"line":124,"column":26}},"loc":{"start":{"line":124,"column":62},"end":{"line":133,"column":null}},"line":124},"9":{"name":"(anonymous_9)","decl":{"start":{"line":135,"column":17},"end":{"line":135,"column":29}},"loc":{"start":{"line":135,"column":29},"end":{"line":138,"column":null}},"line":135},"10":{"name":"(anonymous_10)","decl":{"start":{"line":156,"column":23},"end":{"line":156,"column":29}},"loc":{"start":{"line":156,"column":29},"end":{"line":162,"column":null}},"line":156}},"branchMap":{"0":{"loc":{"start":{"line":32,"column":6},"end":{"line":36,"column":null}},"type":"if","locations":[{"start":{"line":32,"column":6},"end":{"line":36,"column":null}},{"start":{"line":34,"column":13},"end":{"line":36,"column":null}}],"line":32},"1":{"loc":{"start":{"line":52,"column":6},"end":{"line":52,"column":null}},"type":"if","locations":[{"start":{"line":52,"column":6},"end":{"line":52,"column":null}},{"start":{},"end":{}}],"line":52},"2":{"loc":{"start":{"line":54,"column":6},"end":{"line":61,"column":null}},"type":"if","locations":[{"start":{"line":54,"column":6},"end":{"line":61,"column":null}},{"start":{},"end":{}}],"line":54},"3":{"loc":{"start":{"line":57,"column":17},"end":{"line":57,"column":null}},"type":"binary-expr","locations":[{"start":{"line":57,"column":17},"end":{"line":57,"column":34}},{"start":{"line":57,"column":34},"end":{"line":57,"column":null}}],"line":57},"4":{"loc":{"start":{"line":58,"column":17},"end":{"line":58,"column":null}},"type":"binary-expr","locations":[{"start":{"line":58,"column":17},"end":{"line":58,"column":33}},{"start":{"line":58,"column":33},"end":{"line":58,"column":null}}],"line":58},"5":{"loc":{"start":{"line":59,"column":33},"end":{"line":59,"column":null}},"type":"binary-expr","locations":[{"start":{"line":59,"column":33},"end":{"line":59,"column":66}},{"start":{"line":59,"column":66},"end":{"line":59,"column":null}}],"line":59},"6":{"loc":{"start":{"line":77,"column":6},"end":{"line":79,"column":null}},"type":"if","locations":[{"start":{"line":77,"column":6},"end":{"line":79,"column":null}},{"start":{},"end":{}}],"line":77},"7":{"loc":{"start":{"line":89,"column":4},"end":{"line":89,"column":null}},"type":"if","locations":[{"start":{"line":89,"column":4},"end":{"line":89,"column":null}},{"start":{},"end":{}}],"line":89},"8":{"loc":{"start":{"line":91,"column":4},"end":{"line":121,"column":null}},"type":"if","locations":[{"start":{"line":91,"column":4},"end":{"line":121,"column":null}},{"start":{},"end":{}}],"line":91},"9":{"loc":{"start":{"line":99,"column":6},"end":{"line":120,"column":null}},"type":"if","locations":[{"start":{"line":99,"column":6},"end":{"line":120,"column":null}},{"start":{"line":113,"column":13},"end":{"line":120,"column":null}}],"line":99},"10":{"loc":{"start":{"line":102,"column":17},"end":{"line":102,"column":null}},"type":"binary-expr","locations":[{"start":{"line":102,"column":17},"end":{"line":102,"column":34}},{"start":{"line":102,"column":34},"end":{"line":102,"column":53}},{"start":{"line":102,"column":53},"end":{"line":102,"column":null}}],"line":102},"11":{"loc":{"start":{"line":103,"column":17},"end":{"line":103,"column":null}},"type":"binary-expr","locations":[{"start":{"line":103,"column":17},"end":{"line":103,"column":33}},{"start":{"line":103,"column":33},"end":{"line":103,"column":null}}],"line":103},"12":{"loc":{"start":{"line":104,"column":33},"end":{"line":104,"column":null}},"type":"binary-expr","locations":[{"start":{"line":104,"column":33},"end":{"line":104,"column":66}},{"start":{"line":104,"column":66},"end":{"line":104,"column":null}}],"line":104},"13":{"loc":{"start":{"line":108,"column":8},"end":{"line":112,"column":null}},"type":"if","locations":[{"start":{"line":108,"column":8},"end":{"line":112,"column":null}},{"start":{},"end":{}}],"line":108},"14":{"loc":{"start":{"line":116,"column":17},"end":{"line":116,"column":null}},"type":"binary-expr","locations":[{"start":{"line":116,"column":17},"end":{"line":116,"column":36}},{"start":{"line":116,"column":36},"end":{"line":116,"column":null}}],"line":116},"15":{"loc":{"start":{"line":132,"column":4},"end":{"line":132,"column":null}},"type":"if","locations":[{"start":{"line":132,"column":4},"end":{"line":132,"column":null}},{"start":{},"end":{}}],"line":132},"16":{"loc":{"start":{"line":158,"column":2},"end":{"line":160,"column":null}},"type":"if","locations":[{"start":{"line":158,"column":2},"end":{"line":160,"column":null}},{"start":{},"end":{}}],"line":158}},"s":{"0":2,"1":2,"2":0,"3":0,"4":0,"5":0,"6":0,"7":0,"8":0,"9":0,"10":0,"11":0,"12":0,"13":0,"14":0,"15":0,"16":0,"17":0,"18":0,"19":0,"20":0,"21":0,"22":0,"23":0,"24":0,"25":0,"26":0,"27":0,"28":0,"29":0,"30":0,"31":0,"32":0,"33":0,"34":0,"35":0,"36":0,"37":0,"38":0,"39":0,"40":0,"41":0,"42":0,"43":0,"44":0,"45":0,"46":0,"47":0,"48":0,"49":0,"50":2,"51":0,"52":0,"53":0,"54":0},"f":{"0":0,"1":0,"2":0,"3":0,"4":0,"5":0,"6":0,"7":0,"8":0,"9":0,"10":0},"b":{"0":[0,0],"1":[0,0],"2":[0,0],"3":[0,0],"4":[0,0],"5":[0,0],"6":[0,0],"7":[0,0],"8":[0,0],"9":[0,0],"10":[0,0,0],"11":[0,0],"12":[0,0],"13":[0,0],"14":[0,0],"15":[0,0],"16":[0,0]},"meta":{"lastBranch":17,"lastFunction":11,"lastStatement":55,"seen":{"s:23:6:23:Infinity":0,"s:25:69:154:Infinity":1,"f:25:69:25:70":0,"s:26:22:26:Infinity":2,"s:27:28:27:Infinity":3,"s:29:2:42:Infinity":4,"f:29:12:29:18":1,"s:30:4:30:Infinity":5,"s:31:35:37:Infinity":6,"f:31:67:31:68":2,"b:32:6:36:Infinity:34:13:36:Infinity":0,"s:32:6:36:Infinity":7,"s:33:8:33:Infinity":8,"s:35:8:35:Infinity":9,"s:39:4:41:Infinity":10,"f:39:11:39:17":3,"s:40:6:40:Infinity":11,"s:44:27:65:Infinity":12,"f:44:27:44:34":4,"s:45:4:64:Infinity":13,"s:46:39:50:Infinity":14,"b:52:6:52:Infinity:undefined:undefined:undefined:undefined":1,"s:52:6:52:Infinity":15,"s:52:17:52:Infinity":16,"b:54:6:61:Infinity:undefined:undefined:undefined:undefined":2,"s:54:6:61:Infinity":17,"s:55:8:60:Infinity":18,"b:57:17:57:34:57:34:57:Infinity":3,"b:58:17:58:33:58:33:58:Infinity":4,"b:59:33:59:66:59:66:59:Infinity":5,"s:63:6:63:Infinity":19,"s:67:20:85:Infinity":20,"f:67:20:67:32":5,"s:68:4:84:Infinity":21,"s:69:36:69:Infinity":22,"s:70:6:70:Infinity":23,"s:73:6:76:Infinity":24,"f:73:17:73:29":6,"s:74:8:74:Infinity":25,"s:75:8:75:Infinity":26,"b:77:6:79:Infinity:undefined:undefined:undefined:undefined":6,"s:77:6:79:Infinity":27,"s:78:8:78:Infinity":28,"s:81:6:81:Infinity":29,"s:83:6:83:Infinity":30,"s:87:16:122:Infinity":31,"f:87:16:87:23":7,"s:88:28:88:Infinity":32,"b:89:4:89:Infinity:undefined:undefined:undefined:undefined":7,"s:89:4:89:Infinity":33,"s:89:15:89:Infinity":34,"b:91:4:121:Infinity:undefined:undefined:undefined:undefined":8,"s:91:4:121:Infinity":35,"s:93:32:97:Infinity":36,"b:99:6:120:Infinity:113:13:120:Infinity":9,"s:99:6:120:Infinity":37,"s:100:8:105:Infinity":38,"b:102:17:102:34:102:34:102:53:102:53:102:Infinity":10,"b:103:17:103:33:103:33:103:Infinity":11,"b:104:33:104:66:104:66:104:Infinity":12,"b:108:8:112:Infinity:undefined:undefined:undefined:undefined":13,"s:108:8:112:Infinity":39,"s:111:10:111:Infinity":40,"s:114:8:119:Infinity":41,"b:116:17:116:36:116:36:116:Infinity":14,"s:124:19:133:Infinity":42,"f:124:19:124:26":8,"s:125:22:131:Infinity":43,"b:132:4:132:Infinity:undefined:undefined:undefined:undefined":15,"s:132:4:132:Infinity":44,"s:132:15:132:Infinity":45,"s:135:17:138:Infinity":46,"f:135:17:135:29":9,"s:136:4:136:Infinity":47,"s:137:4:137:Infinity":48,"s:140:2:152:Infinity":49,"s:156:23:162:Infinity":50,"f:156:23:156:29":10,"s:157:8:157:Infinity":51,"b:158:2:160:Infinity:undefined:undefined:undefined:undefined":16,"s:158:2:160:Infinity":52,"s:159:4:159:Infinity":53,"s:161:2:161:Infinity":54}}}
,"/Users/sethntumba/egmc-choirhub/src/lib/firebase.ts": {"path":"/Users/sethntumba/egmc-choirhub/src/lib/firebase.ts","statementMap":{"0":{"start":{"line":4,"column":23},"end":{"line":12,"column":null}},"1":{"start":{"line":15,"column":6},"end":{"line":15,"column":null}},"2":{"start":{"line":18,"column":13},"end":{"line":18,"column":null}},"3":{"start":{"line":22,"column":2},"end":{"line":55,"column":null}},"4":{"start":{"line":24,"column":4},"end":{"line":27,"column":null}},"5":{"start":{"line":25,"column":6},"end":{"line":25,"column":null}},"6":{"start":{"line":26,"column":6},"end":{"line":26,"column":null}},"7":{"start":{"line":30,"column":4},"end":{"line":33,"column":null}},"8":{"start":{"line":31,"column":6},"end":{"line":31,"column":null}},"9":{"start":{"line":32,"column":6},"end":{"line":32,"column":null}},"10":{"start":{"line":36,"column":4},"end":{"line":40,"column":null}},"11":{"start":{"line":37,"column":6},"end":{"line":39,"column":null}},"12":{"start":{"line":43,"column":23},"end":{"line":43,"column":null}},"13":{"start":{"line":45,"column":4},"end":{"line":49,"column":null}},"14":{"start":{"line":46,"column":6},"end":{"line":48,"column":null}},"15":{"start":{"line":51,"column":4},"end":{"line":51,"column":null}},"16":{"start":{"line":53,"column":4},"end":{"line":53,"column":null}},"17":{"start":{"line":54,"column":4},"end":{"line":54,"column":null}},"18":{"start":{"line":60,"column":2},"end":{"line":72,"column":null}},"19":{"start":{"line":61,"column":4},"end":{"line":61,"column":null}},"20":{"start":{"line":62,"column":4},"end":{"line":62,"column":null}},"21":{"start":{"line":65,"column":4},"end":{"line":71,"column":null}},"22":{"start":{"line":66,"column":6},"end":{"line":70,"column":null}}},"fnMap":{"0":{"name":"requestNotificationPermission","decl":{"start":{"line":21,"column":22},"end":{"line":21,"column":54}},"loc":{"start":{"line":21,"column":54},"end":{"line":56,"column":null}},"line":21},"1":{"name":"setupMessageListener","decl":{"start":{"line":59,"column":16},"end":{"line":59,"column":37}},"loc":{"start":{"line":59,"column":71},"end":{"line":73,"column":null}},"line":59},"2":{"name":"(anonymous_2)","decl":{"start":{"line":60,"column":23},"end":{"line":60,"column":24}},"loc":{"start":{"line":60,"column":36},"end":{"line":72,"column":3}},"line":60}},"branchMap":{"0":{"loc":{"start":{"line":24,"column":4},"end":{"line":27,"column":null}},"type":"if","locations":[{"start":{"line":24,"column":4},"end":{"line":27,"column":null}},{"start":{},"end":{}}],"line":24},"1":{"loc":{"start":{"line":30,"column":4},"end":{"line":33,"column":null}},"type":"if","locations":[{"start":{"line":30,"column":4},"end":{"line":33,"column":null}},{"start":{},"end":{}}],"line":30},"2":{"loc":{"start":{"line":36,"column":4},"end":{"line":40,"column":null}},"type":"if","locations":[{"start":{"line":36,"column":4},"end":{"line":40,"column":null}},{"start":{},"end":{}}],"line":36},"3":{"loc":{"start":{"line":45,"column":4},"end":{"line":49,"column":null}},"type":"if","locations":[{"start":{"line":45,"column":4},"end":{"line":49,"column":null}},{"start":{},"end":{}}],"line":45},"4":{"loc":{"start":{"line":65,"column":4},"end":{"line":71,"column":null}},"type":"if","locations":[{"start":{"line":65,"column":4},"end":{"line":71,"column":null}},{"start":{},"end":{}}],"line":65},"5":{"loc":{"start":{"line":66,"column":23},"end":{"line":66,"column":71}},"type":"binary-expr","locations":[{"start":{"line":66,"column":23},"end":{"line":66,"column":53}},{"start":{"line":66,"column":53},"end":{"line":66,"column":71}}],"line":66}},"s":{"0":1,"1":1,"2":1,"3":0,"4":0,"5":0,"6":0,"7":0,"8":0,"9":0,"10":0,"11":0,"12":0,"13":0,"14":0,"15":0,"16":0,"17":0,"18":0,"19":0,"20":0,"21":0,"22":0},"f":{"0":0,"1":0,"2":0},"b":{"0":[0,0],"1":[0,0],"2":[0,0],"3":[0,0],"4":[0,0],"5":[0,0]},"meta":{"lastBranch":6,"lastFunction":3,"lastStatement":23,"seen":{"s:4:23:12:Infinity":0,"s:15:6:15:Infinity":1,"s:18:13:18:Infinity":2,"f:21:22:21:54":0,"s:22:2:55:Infinity":3,"b:24:4:27:Infinity:undefined:undefined:undefined:undefined":0,"s:24:4:27:Infinity":4,"s:25:6:25:Infinity":5,"s:26:6:26:Infinity":6,"b:30:4:33:Infinity:undefined:undefined:undefined:undefined":1,"s:30:4:33:Infinity":7,"s:31:6:31:Infinity":8,"s:32:6:32:Infinity":9,"b:36:4:40:Infinity:undefined:undefined:undefined:undefined":2,"s:36:4:40:Infinity":10,"s:37:6:39:Infinity":11,"s:43:23:43:Infinity":12,"b:45:4:49:Infinity:undefined:undefined:undefined:undefined":3,"s:45:4:49:Infinity":13,"s:46:6:48:Infinity":14,"s:51:4:51:Infinity":15,"s:53:4:53:Infinity":16,"s:54:4:54:Infinity":17,"f:59:16:59:37":1,"s:60:2:72:Infinity":18,"f:60:23:60:24":2,"s:61:4:61:Infinity":19,"s:62:4:62:Infinity":20,"b:65:4:71:Infinity:undefined:undefined:undefined:undefined":4,"s:65:4:71:Infinity":21,"s:66:6:70:Infinity":22,"b:66:23:66:53:66:53:66:71":5}}}
,"/Users/sethntumba/egmc-choirhub/src/pages/member/Dashboard.tsx": {"path":"/Users/sethntumba/egmc-choirhub/src/pages/member/Dashboard.tsx","statementMap":{"0":{"start":{"line":9,"column":31},"end":{"line":147,"column":null}},"1":{"start":{"line":10,"column":15},"end":{"line":10,"column":null}},"2":{"start":{"line":11,"column":8},"end":{"line":11,"column":null}},"3":{"start":{"line":12,"column":32},"end":{"line":12,"column":null}},"4":{"start":{"line":15,"column":34},"end":{"line":15,"column":null}},"5":{"start":{"line":16,"column":42},"end":{"line":16,"column":null}},"6":{"start":{"line":17,"column":36},"end":{"line":17,"column":null}},"7":{"start":{"line":18,"column":40},"end":{"line":18,"column":null}},"8":{"start":{"line":19,"column":28},"end":{"line":19,"column":null}},"9":{"start":{"line":21,"column":2},"end":{"line":23,"column":null}},"10":{"start":{"line":22,"column":4},"end":{"line":22,"column":null}},"11":{"start":{"line":25,"column":22},"end":{"line":64,"column":null}},"12":{"start":{"line":26,"column":4},"end":{"line":63,"column":null}},"13":{"start":{"line":28,"column":31},"end":{"line":30,"column":null}},"14":{"start":{"line":33,"column":6},"end":{"line":39,"column":null}},"15":{"start":{"line":34,"column":37},"end":{"line":37,"column":null}},"16":{"start":{"line":38,"column":8},"end":{"line":38,"column":null}},"17":{"start":{"line":40,"column":6},"end":{"line":40,"column":null}},"18":{"start":{"line":43,"column":12},"end":{"line":43,"column":null}},"19":{"start":{"line":44,"column":32},"end":{"line":47,"column":null}},"20":{"start":{"line":48,"column":6},"end":{"line":48,"column":null}},"21":{"start":{"line":51,"column":6},"end":{"line":58,"column":null}},"22":{"start":{"line":52,"column":35},"end":{"line":56,"column":null}},"23":{"start":{"line":57,"column":8},"end":{"line":57,"column":null}},"24":{"start":{"line":60,"column":6},"end":{"line":60,"column":null}},"25":{"start":{"line":62,"column":6},"end":{"line":62,"column":null}},"26":{"start":{"line":66,"column":16},"end":{"line":70,"column":null}},"27":{"start":{"line":67,"column":104},"end":{"line":67,"column":135}},"28":{"start":{"line":68,"column":112},"end":{"line":68,"column":141}},"29":{"start":{"line":69,"column":119},"end":{"line":69,"column":148}},"30":{"start":{"line":72,"column":2},"end":{"line":145,"column":null}},"31":{"start":{"line":83,"column":23},"end":{"line":83,"column":null}},"32":{"start":{"line":84,"column":10},"end":{"line":95,"column":null}},"33":{"start":{"line":106,"column":27},"end":{"line":106,"column":null}},"34":{"start":{"line":116,"column":27},"end":{"line":116,"column":null}},"35":{"start":{"line":126,"column":27},"end":{"line":126,"column":null}},"36":{"start":{"line":136,"column":27},"end":{"line":136,"column":null}}},"fnMap":{"0":{"name":"(anonymous_0)","decl":{"start":{"line":9,"column":31},"end":{"line":9,"column":37}},"loc":{"start":{"line":9,"column":37},"end":{"line":147,"column":null}},"line":9},"1":{"name":"(anonymous_1)","decl":{"start":{"line":21,"column":12},"end":{"line":21,"column":18}},"loc":{"start":{"line":21,"column":18},"end":{"line":23,"column":5}},"line":21},"2":{"name":"(anonymous_2)","decl":{"start":{"line":25,"column":22},"end":{"line":25,"column":34}},"loc":{"start":{"line":25,"column":34},"end":{"line":64,"column":null}},"line":25},"3":{"name":"(anonymous_3)","decl":{"start":{"line":67,"column":98},"end":{"line":67,"column":104}},"loc":{"start":{"line":67,"column":104},"end":{"line":67,"column":135}},"line":67},"4":{"name":"(anonymous_4)","decl":{"start":{"line":68,"column":106},"end":{"line":68,"column":112}},"loc":{"start":{"line":68,"column":112},"end":{"line":68,"column":141}},"line":68},"5":{"name":"(anonymous_5)","decl":{"start":{"line":69,"column":113},"end":{"line":69,"column":119}},"loc":{"start":{"line":69,"column":119},"end":{"line":69,"column":148}},"line":69},"6":{"name":"(anonymous_6)","decl":{"start":{"line":82,"column":19},"end":{"line":82,"column":20}},"loc":{"start":{"line":82,"column":29},"end":{"line":97,"column":9}},"line":82},"7":{"name":"(anonymous_7)","decl":{"start":{"line":106,"column":21},"end":{"line":106,"column":27}},"loc":{"start":{"line":106,"column":27},"end":{"line":106,"column":null}},"line":106},"8":{"name":"(anonymous_8)","decl":{"start":{"line":116,"column":21},"end":{"line":116,"column":27}},"loc":{"start":{"line":116,"column":27},"end":{"line":116,"column":null}},"line":116},"9":{"name":"(anonymous_9)","decl":{"start":{"line":126,"column":21},"end":{"line":126,"column":27}},"loc":{"start":{"line":126,"column":27},"end":{"line":126,"column":null}},"line":126},"10":{"name":"(anonymous_10)","decl":{"start":{"line":136,"column":21},"end":{"line":136,"column":27}},"loc":{"start":{"line":136,"column":27},"end":{"line":136,"column":null}},"line":136}},"branchMap":{"0":{"loc":{"start":{"line":33,"column":6},"end":{"line":39,"column":null}},"type":"if","locations":[{"start":{"line":33,"column":6},"end":{"line":39,"column":null}},{"start":{},"end":{}}],"line":33},"1":{"loc":{"start":{"line":38,"column":26},"end":{"line":38,"column":40}},"type":"binary-expr","locations":[{"start":{"line":38,"column":26},"end":{"line":38,"column":39}},{"start":{"line":38,"column":39},"end":{"line":38,"column":40}}],"line":38},"2":{"loc":{"start":{"line":40,"column":20},"end":{"line":40,"column":30}},"type":"binary-expr","locations":[{"start":{"line":40,"column":20},"end":{"line":40,"column":29}},{"start":{"line":40,"column":29},"end":{"line":40,"column":30}}],"line":40},"3":{"loc":{"start":{"line":48,"column":21},"end":{"line":48,"column":32}},"type":"binary-expr","locations":[{"start":{"line":48,"column":21},"end":{"line":48,"column":31}},{"start":{"line":48,"column":31},"end":{"line":48,"column":32}}],"line":48},"4":{"loc":{"start":{"line":51,"column":6},"end":{"line":58,"column":null}},"type":"if","locations":[{"start":{"line":51,"column":6},"end":{"line":58,"column":null}},{"start":{},"end":{}}],"line":51},"5":{"loc":{"start":{"line":57,"column":25},"end":{"line":57,"column":46}},"type":"binary-expr","locations":[{"start":{"line":57,"column":25},"end":{"line":57,"column":45}},{"start":{"line":57,"column":45},"end":{"line":57,"column":46}}],"line":57},"6":{"loc":{"start":{"line":67,"column":35},"end":{"line":67,"column":76}},"type":"cond-expr","locations":[{"start":{"line":67,"column":45},"end":{"line":67,"column":53}},{"start":{"line":67,"column":53},"end":{"line":67,"column":76}}],"line":67},"7":{"loc":{"start":{"line":68,"column":39},"end":{"line":68,"column":81}},"type":"cond-expr","locations":[{"start":{"line":68,"column":49},"end":{"line":68,"column":57}},{"start":{"line":68,"column":57},"end":{"line":68,"column":81}}],"line":68},"8":{"loc":{"start":{"line":69,"column":39},"end":{"line":69,"column":83}},"type":"cond-expr","locations":[{"start":{"line":69,"column":49},"end":{"line":69,"column":57}},{"start":{"line":69,"column":57},"end":{"line":69,"column":83}}],"line":69},"9":{"loc":{"start":{"line":77,"column":48},"end":{"line":77,"column":71}},"type":"binary-expr","locations":[{"start":{"line":77,"column":48},"end":{"line":77,"column":62}},{"start":{"line":77,"column":62},"end":{"line":77,"column":71}}],"line":77}},"s":{"0":1,"1":6,"2":6,"3":6,"4":6,"5":6,"6":6,"7":6,"8":6,"9":6,"10":6,"11":6,"12":6,"13":6,"14":6,"15":6,"16":6,"17":6,"18":6,"19":6,"20":6,"21":6,"22":6,"23":6,"24":0,"25":6,"26":6,"27":0,"28":0,"29":0,"30":6,"31":18,"32":18,"33":0,"34":0,"35":0,"36":0},"f":{"0":6,"1":6,"2":6,"3":0,"4":0,"5":0,"6":18,"7":0,"8":0,"9":0,"10":0},"b":{"0":[6,0],"1":[6,6],"2":[6,6],"3":[6,6],"4":[6,0],"5":[6,6],"6":[3,3],"7":[3,3],"8":[3,3],"9":[6,0]},"meta":{"lastBranch":10,"lastFunction":11,"lastStatement":37,"seen":{"s:9:31:147:Infinity":0,"f:9:31:9:37":0,"s:10:15:10:Infinity":1,"s:11:8:11:Infinity":2,"s:12:32:12:Infinity":3,"s:15:34:15:Infinity":4,"s:16:42:16:Infinity":5,"s:17:36:17:Infinity":6,"s:18:40:18:Infinity":7,"s:19:28:19:Infinity":8,"s:21:2:23:Infinity":9,"f:21:12:21:18":1,"s:22:4:22:Infinity":10,"s:25:22:64:Infinity":11,"f:25:22:25:34":2,"s:26:4:63:Infinity":12,"s:28:31:30:Infinity":13,"b:33:6:39:Infinity:undefined:undefined:undefined:undefined":0,"s:33:6:39:Infinity":14,"s:34:37:37:Infinity":15,"s:38:8:38:Infinity":16,"b:38:26:38:39:38:39:38:40":1,"s:40:6:40:Infinity":17,"b:40:20:40:29:40:29:40:30":2,"s:43:12:43:Infinity":18,"s:44:32:47:Infinity":19,"s:48:6:48:Infinity":20,"b:48:21:48:31:48:31:48:32":3,"b:51:6:58:Infinity:undefined:undefined:undefined:undefined":4,"s:51:6:58:Infinity":21,"s:52:35:56:Infinity":22,"s:57:8:57:Infinity":23,"b:57:25:57:45:57:45:57:46":5,"s:60:6:60:Infinity":24,"s:62:6:62:Infinity":25,"s:66:16:70:Infinity":26,"b:67:45:67:53:67:53:67:76":6,"f:67:98:67:104":3,"s:67:104:67:135":27,"b:68:49:68:57:68:57:68:81":7,"f:68:106:68:112":4,"s:68:112:68:141":28,"b:69:49:69:57:69:57:69:83":8,"f:69:113:69:119":5,"s:69:119:69:148":29,"s:72:2:145:Infinity":30,"b:77:48:77:62:77:62:77:71":9,"f:82:19:82:20":6,"s:83:23:83:Infinity":31,"s:84:10:95:Infinity":32,"f:106:21:106:27":7,"s:106:27:106:Infinity":33,"f:116:21:116:27":8,"s:116:27:116:Infinity":34,"f:126:21:126:27":9,"s:126:27:126:Infinity":35,"f:136:21:136:27":10,"s:136:27:136:Infinity":36}}}
,"/Users/sethntumba/egmc-choirhub/src/pages/member/Repertoire.tsx": {"path":"/Users/sethntumba/egmc-choirhub/src/pages/member/Repertoire.tsx","statementMap":{"0":{"start":{"line":17,"column":32},"end":{"line":383,"column":null}},"1":{"start":{"line":18,"column":8},"end":{"line":18,"column":null}},"2":{"start":{"line":19,"column":8},"end":{"line":19,"column":null}},"3":{"start":{"line":20,"column":15},"end":{"line":20,"column":null}},"4":{"start":{"line":21,"column":24},"end":{"line":21,"column":null}},"5":{"start":{"line":22,"column":28},"end":{"line":22,"column":null}},"6":{"start":{"line":23,"column":34},"end":{"line":23,"column":null}},"7":{"start":{"line":24,"column":34},"end":{"line":24,"column":null}},"8":{"start":{"line":25,"column":48},"end":{"line":25,"column":null}},"9":{"start":{"line":26,"column":32},"end":{"line":26,"column":null}},"10":{"start":{"line":27,"column":26},"end":{"line":27,"column":null}},"11":{"start":{"line":28,"column":42},"end":{"line":28,"column":null}},"12":{"start":{"line":31,"column":2},"end":{"line":35,"column":null}},"13":{"start":{"line":32,"column":4},"end":{"line":34,"column":null}},"14":{"start":{"line":33,"column":6},"end":{"line":33,"column":null}},"15":{"start":{"line":37,"column":2},"end":{"line":40,"column":null}},"16":{"start":{"line":38,"column":4},"end":{"line":38,"column":null}},"17":{"start":{"line":39,"column":4},"end":{"line":39,"column":null}},"18":{"start":{"line":42,"column":21},"end":{"line":58,"column":null}},"19":{"start":{"line":43,"column":4},"end":{"line":57,"column":null}},"20":{"start":{"line":44,"column":30},"end":{"line":47,"column":null}},"21":{"start":{"line":49,"column":6},"end":{"line":49,"column":null}},"22":{"start":{"line":49,"column":17},"end":{"line":49,"column":null}},"23":{"start":{"line":50,"column":6},"end":{"line":50,"column":null}},"24":{"start":{"line":51,"column":6},"end":{"line":51,"column":null}},"25":{"start":{"line":53,"column":6},"end":{"line":53,"column":null}},"26":{"start":{"line":54,"column":6},"end":{"line":54,"column":null}},"27":{"start":{"line":56,"column":6},"end":{"line":56,"column":null}},"28":{"start":{"line":60,"column":25},"end":{"line":74,"column":null}},"29":{"start":{"line":61,"column":4},"end":{"line":61,"column":null}},"30":{"start":{"line":61,"column":15},"end":{"line":61,"column":null}},"31":{"start":{"line":62,"column":4},"end":{"line":73,"column":null}},"32":{"start":{"line":63,"column":30},"end":{"line":66,"column":null}},"33":{"start":{"line":68,"column":6},"end":{"line":68,"column":null}},"34":{"start":{"line":68,"column":17},"end":{"line":68,"column":null}},"35":{"start":{"line":69,"column":21},"end":{"line":69,"column":null}},"36":{"start":{"line":69,"column":44},"end":{"line":69,"column":53}},"37":{"start":{"line":70,"column":6},"end":{"line":70,"column":null}},"38":{"start":{"line":72,"column":6},"end":{"line":72,"column":null}},"39":{"start":{"line":76,"column":25},"end":{"line":112,"column":null}},"40":{"start":{"line":77,"column":4},"end":{"line":77,"column":null}},"41":{"start":{"line":78,"column":4},"end":{"line":78,"column":null}},"42":{"start":{"line":78,"column":15},"end":{"line":78,"column":null}},"43":{"start":{"line":80,"column":23},"end":{"line":80,"column":null}},"44":{"start":{"line":82,"column":4},"end":{"line":111,"column":null}},"45":{"start":{"line":83,"column":6},"end":{"line":107,"column":null}},"46":{"start":{"line":84,"column":26},"end":{"line":88,"column":null}},"47":{"start":{"line":90,"column":8},"end":{"line":90,"column":null}},"48":{"start":{"line":90,"column":19},"end":{"line":90,"column":null}},"49":{"start":{"line":92,"column":29},"end":{"line":92,"column":null}},"50":{"start":{"line":93,"column":8},"end":{"line":93,"column":null}},"51":{"start":{"line":94,"column":8},"end":{"line":94,"column":null}},"52":{"start":{"line":95,"column":8},"end":{"line":95,"column":null}},"53":{"start":{"line":97,"column":26},"end":{"line":99,"column":null}},"54":{"start":{"line":101,"column":8},"end":{"line":101,"column":null}},"55":{"start":{"line":101,"column":19},"end":{"line":101,"column":null}},"56":{"start":{"line":103,"column":29},"end":{"line":103,"column":null}},"57":{"start":{"line":104,"column":8},"end":{"line":104,"column":null}},"58":{"start":{"line":105,"column":8},"end":{"line":105,"column":null}},"59":{"start":{"line":106,"column":8},"end":{"line":106,"column":null}},"60":{"start":{"line":109,"column":6},"end":{"line":109,"column":null}},"61":{"start":{"line":110,"column":6},"end":{"line":110,"column":null}},"62":{"start":{"line":114,"column":24},"end":{"line":123,"column":null}},"63":{"start":{"line":115,"column":4},"end":{"line":122,"column":null}},"64":{"start":{"line":116,"column":6},"end":{"line":116,"column":null}},"65":{"start":{"line":117,"column":6},"end":{"line":119,"column":null}},"66":{"start":{"line":121,"column":6},"end":{"line":121,"column":null}},"67":{"start":{"line":121,"column":23},"end":{"line":121,"column":45}},"68":{"start":{"line":126,"column":27},"end":{"line":136,"column":null}},"69":{"start":{"line":127,"column":4},"end":{"line":127,"column":null}},"70":{"start":{"line":127,"column":34},"end":{"line":127,"column":null}},"71":{"start":{"line":128,"column":4},"end":{"line":128,"column":null}},"72":{"start":{"line":128,"column":38},"end":{"line":128,"column":null}},"73":{"start":{"line":129,"column":4},"end":{"line":129,"column":null}},"74":{"start":{"line":129,"column":37},"end":{"line":129,"column":null}},"75":{"start":{"line":130,"column":4},"end":{"line":130,"column":null}},"76":{"start":{"line":130,"column":41},"end":{"line":130,"column":null}},"77":{"start":{"line":131,"column":4},"end":{"line":131,"column":null}},"78":{"start":{"line":131,"column":38},"end":{"line":131,"column":null}},"79":{"start":{"line":132,"column":4},"end":{"line":132,"column":null}},"80":{"start":{"line":132,"column":39},"end":{"line":132,"column":null}},"81":{"start":{"line":133,"column":4},"end":{"line":133,"column":null}},"82":{"start":{"line":133,"column":38},"end":{"line":133,"column":null}},"83":{"start":{"line":134,"column":4},"end":{"line":134,"column":null}},"84":{"start":{"line":134,"column":38},"end":{"line":134,"column":null}},"85":{"start":{"line":135,"column":4},"end":{"line":135,"column":null}},"86":{"start":{"line":139,"column":24},"end":{"line":162,"column":null}},"87":{"start":{"line":140,"column":19},"end":{"line":140,"column":null}},"88":{"start":{"line":141,"column":23},"end":{"line":141,"column":null}},"89":{"start":{"line":142,"column":26},"end":{"line":142,"column":null}},"90":{"start":{"line":143,"column":26},"end":{"line":143,"column":null}},"91":{"start":{"line":144,"column":28},"end":{"line":144,"column":null}},"92":{"start":{"line":146,"column":4},"end":{"line":148,"column":null}},"93":{"start":{"line":147,"column":6},"end":{"line":147,"column":null}},"94":{"start":{"line":150,"column":4},"end":{"line":150,"column":null}},"95":{"start":{"line":152,"column":4},"end":{"line":161,"column":null}},"96":{"start":{"line":154,"column":8},"end":{"line":154,"column":null}},"97":{"start":{"line":156,"column":8},"end":{"line":156,"column":null}},"98":{"start":{"line":158,"column":8},"end":{"line":158,"column":null}},"99":{"start":{"line":160,"column":8},"end":{"line":160,"column":null}},"100":{"start":{"line":164,"column":24},"end":{"line":164,"column":null}},"101":{"start":{"line":166,"column":2},"end":{"line":175,"column":null}},"102":{"start":{"line":167,"column":4},"end":{"line":173,"column":null}},"103":{"start":{"line":177,"column":2},"end":{"line":381,"column":null}},"104":{"start":{"line":198,"column":31},"end":{"line":198,"column":null}},"105":{"start":{"line":207,"column":31},"end":{"line":207,"column":null}},"106":{"start":{"line":231,"column":31},"end":{"line":231,"column":null}},"107":{"start":{"line":254,"column":27},"end":{"line":254,"column":null}},"108":{"start":{"line":294,"column":33},"end":{"line":294,"column":null}},"109":{"start":{"line":296,"column":14},"end":{"line":360,"column":null}},"110":{"start":{"line":299,"column":33},"end":{"line":299,"column":null}},"111":{"start":{"line":308,"column":24},"end":{"line":308,"column":null}},"112":{"start":{"line":309,"column":24},"end":{"line":309,"column":null}},"113":{"start":{"line":350,"column":26},"end":{"line":350,"column":null}},"114":{"start":{"line":351,"column":26},"end":{"line":351,"column":null}}},"fnMap":{"0":{"name":"(anonymous_0)","decl":{"start":{"line":17,"column":32},"end":{"line":17,"column":38}},"loc":{"start":{"line":17,"column":38},"end":{"line":383,"column":null}},"line":17},"1":{"name":"(anonymous_1)","decl":{"start":{"line":31,"column":12},"end":{"line":31,"column":18}},"loc":{"start":{"line":31,"column":18},"end":{"line":35,"column":5}},"line":31},"2":{"name":"(anonymous_2)","decl":{"start":{"line":37,"column":12},"end":{"line":37,"column":18}},"loc":{"start":{"line":37,"column":18},"end":{"line":40,"column":5}},"line":37},"3":{"name":"(anonymous_3)","decl":{"start":{"line":42,"column":21},"end":{"line":42,"column":33}},"loc":{"start":{"line":42,"column":33},"end":{"line":58,"column":null}},"line":42},"4":{"name":"(anonymous_4)","decl":{"start":{"line":60,"column":25},"end":{"line":60,"column":37}},"loc":{"start":{"line":60,"column":37},"end":{"line":74,"column":null}},"line":60},"5":{"name":"(anonymous_5)","decl":{"start":{"line":69,"column":39},"end":{"line":69,"column":44}},"loc":{"start":{"line":69,"column":44},"end":{"line":69,"column":53}},"line":69},"6":{"name":"(anonymous_6)","decl":{"start":{"line":76,"column":25},"end":{"line":76,"column":32}},"loc":{"start":{"line":76,"column":72},"end":{"line":112,"column":null}},"line":76},"7":{"name":"(anonymous_7)","decl":{"start":{"line":114,"column":24},"end":{"line":114,"column":25}},"loc":{"start":{"line":114,"column":40},"end":{"line":123,"column":null}},"line":114},"8":{"name":"(anonymous_8)","decl":{"start":{"line":121,"column":17},"end":{"line":121,"column":23}},"loc":{"start":{"line":121,"column":23},"end":{"line":121,"column":45}},"line":121},"9":{"name":"(anonymous_9)","decl":{"start":{"line":126,"column":27},"end":{"line":126,"column":28}},"loc":{"start":{"line":126,"column":52},"end":{"line":136,"column":null}},"line":126},"10":{"name":"(anonymous_10)","decl":{"start":{"line":139,"column":37},"end":{"line":139,"column":45}},"loc":{"start":{"line":139,"column":45},"end":{"line":151,"column":3}},"line":139},"11":{"name":"(anonymous_11)","decl":{"start":{"line":151,"column":10},"end":{"line":151,"column":11}},"loc":{"start":{"line":151,"column":20},"end":{"line":162,"column":3}},"line":151},"12":{"name":"(anonymous_12)","decl":{"start":{"line":198,"column":24},"end":{"line":198,"column":25}},"loc":{"start":{"line":198,"column":31},"end":{"line":198,"column":null}},"line":198},"13":{"name":"(anonymous_13)","decl":{"start":{"line":207,"column":24},"end":{"line":207,"column":25}},"loc":{"start":{"line":207,"column":31},"end":{"line":207,"column":null}},"line":207},"14":{"name":"(anonymous_14)","decl":{"start":{"line":231,"column":24},"end":{"line":231,"column":25}},"loc":{"start":{"line":231,"column":31},"end":{"line":231,"column":null}},"line":231},"15":{"name":"(anonymous_15)","decl":{"start":{"line":254,"column":21},"end":{"line":254,"column":27}},"loc":{"start":{"line":254,"column":27},"end":{"line":254,"column":null}},"line":254},"16":{"name":"(anonymous_16)","decl":{"start":{"line":293,"column":31},"end":{"line":293,"column":32}},"loc":{"start":{"line":293,"column":41},"end":{"line":362,"column":13}},"line":293},"17":{"name":"(anonymous_17)","decl":{"start":{"line":299,"column":27},"end":{"line":299,"column":33}},"loc":{"start":{"line":299,"column":33},"end":{"line":299,"column":null}},"line":299},"18":{"name":"(anonymous_18)","decl":{"start":{"line":307,"column":31},"end":{"line":307,"column":32}},"loc":{"start":{"line":307,"column":38},"end":{"line":310,"column":null}},"line":307},"19":{"name":"(anonymous_19)","decl":{"start":{"line":349,"column":33},"end":{"line":349,"column":34}},"loc":{"start":{"line":349,"column":40},"end":{"line":352,"column":null}},"line":349}},"branchMap":{"0":{"loc":{"start":{"line":32,"column":4},"end":{"line":34,"column":null}},"type":"if","locations":[{"start":{"line":32,"column":4},"end":{"line":34,"column":null}},{"start":{},"end":{}}],"line":32},"1":{"loc":{"start":{"line":49,"column":6},"end":{"line":49,"column":null}},"type":"if","locations":[{"start":{"line":49,"column":6},"end":{"line":49,"column":null}},{"start":{},"end":{}}],"line":49},"2":{"loc":{"start":{"line":51,"column":15},"end":{"line":51,"column":25}},"type":"binary-expr","locations":[{"start":{"line":51,"column":15},"end":{"line":51,"column":23}},{"start":{"line":51,"column":23},"end":{"line":51,"column":25}}],"line":51},"3":{"loc":{"start":{"line":61,"column":4},"end":{"line":61,"column":null}},"type":"if","locations":[{"start":{"line":61,"column":4},"end":{"line":61,"column":null}},{"start":{},"end":{}}],"line":61},"4":{"loc":{"start":{"line":68,"column":6},"end":{"line":68,"column":null}},"type":"if","locations":[{"start":{"line":68,"column":6},"end":{"line":68,"column":null}},{"start":{},"end":{}}],"line":68},"5":{"loc":{"start":{"line":69,"column":29},"end":{"line":69,"column":60}},"type":"binary-expr","locations":[{"start":{"line":69,"column":29},"end":{"line":69,"column":58}},{"start":{"line":69,"column":58},"end":{"line":69,"column":60}}],"line":69},"6":{"loc":{"start":{"line":78,"column":4},"end":{"line":78,"column":null}},"type":"if","locations":[{"start":{"line":78,"column":4},"end":{"line":78,"column":null}},{"start":{},"end":{}}],"line":78},"7":{"loc":{"start":{"line":83,"column":6},"end":{"line":107,"column":null}},"type":"if","locations":[{"start":{"line":83,"column":6},"end":{"line":107,"column":null}},{"start":{"line":96,"column":13},"end":{"line":107,"column":null}}],"line":83},"8":{"loc":{"start":{"line":90,"column":8},"end":{"line":90,"column":null}},"type":"if","locations":[{"start":{"line":90,"column":8},"end":{"line":90,"column":null}},{"start":{},"end":{}}],"line":90},"9":{"loc":{"start":{"line":101,"column":8},"end":{"line":101,"column":null}},"type":"if","locations":[{"start":{"line":101,"column":8},"end":{"line":101,"column":null}},{"start":{},"end":{}}],"line":101},"10":{"loc":{"start":{"line":115,"column":4},"end":{"line":122,"column":null}},"type":"if","locations":[{"start":{"line":115,"column":4},"end":{"line":122,"column":null}},{"start":{},"end":{}}],"line":115},"11":{"loc":{"start":{"line":115,"column":8},"end":{"line":115,"column":45}},"type":"binary-expr","locations":[{"start":{"line":115,"column":8},"end":{"line":115,"column":32}},{"start":{"line":115,"column":32},"end":{"line":115,"column":45}}],"line":115},"12":{"loc":{"start":{"line":127,"column":4},"end":{"line":127,"column":null}},"type":"if","locations":[{"start":{"line":127,"column":4},"end":{"line":127,"column":null}},{"start":{},"end":{}}],"line":127},"13":{"loc":{"start":{"line":128,"column":4},"end":{"line":128,"column":null}},"type":"if","locations":[{"start":{"line":128,"column":4},"end":{"line":128,"column":null}},{"start":{},"end":{}}],"line":128},"14":{"loc":{"start":{"line":129,"column":4},"end":{"line":129,"column":null}},"type":"if","locations":[{"start":{"line":129,"column":4},"end":{"line":129,"column":null}},{"start":{},"end":{}}],"line":129},"15":{"loc":{"start":{"line":130,"column":4},"end":{"line":130,"column":null}},"type":"if","locations":[{"start":{"line":130,"column":4},"end":{"line":130,"column":null}},{"start":{},"end":{}}],"line":130},"16":{"loc":{"start":{"line":131,"column":4},"end":{"line":131,"column":null}},"type":"if","locations":[{"start":{"line":131,"column":4},"end":{"line":131,"column":null}},{"start":{},"end":{}}],"line":131},"17":{"loc":{"start":{"line":132,"column":4},"end":{"line":132,"column":null}},"type":"if","locations":[{"start":{"line":132,"column":4},"end":{"line":132,"column":null}},{"start":{},"end":{}}],"line":132},"18":{"loc":{"start":{"line":133,"column":4},"end":{"line":133,"column":null}},"type":"if","locations":[{"start":{"line":133,"column":4},"end":{"line":133,"column":null}},{"start":{},"end":{}}],"line":133},"19":{"loc":{"start":{"line":134,"column":4},"end":{"line":134,"column":null}},"type":"if","locations":[{"start":{"line":134,"column":4},"end":{"line":134,"column":null}},{"start":{},"end":{}}],"line":134},"20":{"loc":{"start":{"line":143,"column":26},"end":{"line":143,"column":null}},"type":"binary-expr","locations":[{"start":{"line":143,"column":26},"end":{"line":143,"column":40}},{"start":{"line":143,"column":40},"end":{"line":143,"column":null}}],"line":143},"21":{"loc":{"start":{"line":146,"column":4},"end":{"line":148,"column":null}},"type":"if","locations":[{"start":{"line":146,"column":4},"end":{"line":148,"column":null}},{"start":{},"end":{}}],"line":146},"22":{"loc":{"start":{"line":147,"column":13},"end":{"line":147,"column":null}},"type":"binary-expr","locations":[{"start":{"line":147,"column":13},"end":{"line":147,"column":30}},{"start":{"line":147,"column":30},"end":{"line":147,"column":49}},{"start":{"line":147,"column":49},"end":{"line":147,"column":null}}],"line":147},"23":{"loc":{"start":{"line":150,"column":11},"end":{"line":150,"column":null}},"type":"binary-expr","locations":[{"start":{"line":150,"column":11},"end":{"line":150,"column":28}},{"start":{"line":150,"column":28},"end":{"line":150,"column":null}}],"line":150},"24":{"loc":{"start":{"line":152,"column":4},"end":{"line":161,"column":null}},"type":"switch","locations":[{"start":{"line":153,"column":6},"end":{"line":154,"column":null}},{"start":{"line":155,"column":6},"end":{"line":156,"column":null}},{"start":{"line":157,"column":6},"end":{"line":158,"column":null}},{"start":{"line":159,"column":6},"end":{"line":160,"column":null}}],"line":152},"25":{"loc":{"start":{"line":158,"column":24},"end":{"line":158,"column":41}},"type":"binary-expr","locations":[{"start":{"line":158,"column":24},"end":{"line":158,"column":40}},{"start":{"line":158,"column":40},"end":{"line":158,"column":41}}],"line":158},"26":{"loc":{"start":{"line":158,"column":64},"end":{"line":158,"column":81}},"type":"binary-expr","locations":[{"start":{"line":158,"column":64},"end":{"line":158,"column":80}},{"start":{"line":158,"column":80},"end":{"line":158,"column":81}}],"line":158},"27":{"loc":{"start":{"line":166,"column":2},"end":{"line":175,"column":null}},"type":"if","locations":[{"start":{"line":166,"column":2},"end":{"line":175,"column":null}},{"start":{},"end":{}}],"line":166},"28":{"loc":{"start":{"line":184,"column":11},"end":{"line":184,"column":null}},"type":"binary-expr","locations":[{"start":{"line":184,"column":11},"end":{"line":184,"column":32}},{"start":{"line":184,"column":32},"end":{"line":184,"column":null}}],"line":184},"29":{"loc":{"start":{"line":215,"column":15},"end":{"line":222,"column":null}},"type":"cond-expr","locations":[{"start":{"line":216,"column":16},"end":{"line":216,"column":null}},{"start":{"line":217,"column":18},"end":{"line":222,"column":null}}],"line":215},"30":{"loc":{"start":{"line":217,"column":18},"end":{"line":222,"column":null}},"type":"cond-expr","locations":[{"start":{"line":218,"column":16},"end":{"line":218,"column":null}},{"start":{"line":220,"column":16},"end":{"line":222,"column":null}}],"line":217},"31":{"loc":{"start":{"line":256,"column":14},"end":{"line":258,"column":null}},"type":"cond-expr","locations":[{"start":{"line":257,"column":18},"end":{"line":257,"column":null}},{"start":{"line":258,"column":18},"end":{"line":258,"column":null}}],"line":256},"32":{"loc":{"start":{"line":261,"column":44},"end":{"line":261,"column":81}},"type":"cond-expr","locations":[{"start":{"line":261,"column":64},"end":{"line":261,"column":79}},{"start":{"line":261,"column":79},"end":{"line":261,"column":81}}],"line":261},"33":{"loc":{"start":{"line":262,"column":13},"end":{"line":262,"column":null}},"type":"cond-expr","locations":[{"start":{"line":262,"column":33},"end":{"line":262,"column":47}},{"start":{"line":262,"column":47},"end":{"line":262,"column":null}}],"line":262},"34":{"loc":{"start":{"line":263,"column":13},"end":{"line":268,"column":null}},"type":"binary-expr","locations":[{"start":{"line":263,"column":13},"end":{"line":263,"column":null}},{"start":{"line":264,"column":14},"end":{"line":268,"column":null}}],"line":263},"35":{"loc":{"start":{"line":265,"column":16},"end":{"line":265,"column":null}},"type":"cond-expr","locations":[{"start":{"line":265,"column":36},"end":{"line":265,"column":54}},{"start":{"line":265,"column":54},"end":{"line":265,"column":null}}],"line":265},"36":{"loc":{"start":{"line":299,"column":33},"end":{"line":299,"column":null}},"type":"binary-expr","locations":[{"start":{"line":299,"column":33},"end":{"line":299,"column":57}},{"start":{"line":299,"column":57},"end":{"line":299,"column":null}}],"line":299},"37":{"loc":{"start":{"line":301,"column":20},"end":{"line":301,"column":null}},"type":"cond-expr","locations":[{"start":{"line":301,"column":43},"end":{"line":301,"column":62}},{"start":{"line":301,"column":62},"end":{"line":301,"column":null}}],"line":301},"38":{"loc":{"start":{"line":312,"column":24},"end":{"line":314,"column":null}},"type":"cond-expr","locations":[{"start":{"line":313,"column":28},"end":{"line":313,"column":null}},{"start":{"line":314,"column":28},"end":{"line":314,"column":null}}],"line":312},"39":{"loc":{"start":{"line":317,"column":50},"end":{"line":317,"column":85}},"type":"cond-expr","locations":[{"start":{"line":317,"column":63},"end":{"line":317,"column":83}},{"start":{"line":317,"column":83},"end":{"line":317,"column":85}}],"line":317},"40":{"loc":{"start":{"line":332,"column":22},"end":{"line":339,"column":null}},"type":"cond-expr","locations":[{"start":{"line":332,"column":52},"end":{"line":332,"column":null}},{"start":{"line":333,"column":22},"end":{"line":339,"column":null}}],"line":332},"41":{"loc":{"start":{"line":333,"column":22},"end":{"line":339,"column":null}},"type":"cond-expr","locations":[{"start":{"line":333,"column":51},"end":{"line":333,"column":null}},{"start":{"line":334,"column":22},"end":{"line":339,"column":null}}],"line":333},"42":{"loc":{"start":{"line":334,"column":22},"end":{"line":339,"column":null}},"type":"cond-expr","locations":[{"start":{"line":334,"column":52},"end":{"line":334,"column":null}},{"start":{"line":335,"column":22},"end":{"line":339,"column":null}}],"line":334},"43":{"loc":{"start":{"line":335,"column":22},"end":{"line":339,"column":null}},"type":"cond-expr","locations":[{"start":{"line":335,"column":53},"end":{"line":335,"column":null}},{"start":{"line":336,"column":22},"end":{"line":339,"column":null}}],"line":335},"44":{"loc":{"start":{"line":336,"column":22},"end":{"line":339,"column":null}},"type":"cond-expr","locations":[{"start":{"line":336,"column":52},"end":{"line":336,"column":null}},{"start":{"line":337,"column":22},"end":{"line":339,"column":null}}],"line":336},"45":{"loc":{"start":{"line":337,"column":22},"end":{"line":339,"column":null}},"type":"cond-expr","locations":[{"start":{"line":337,"column":52},"end":{"line":337,"column":null}},{"start":{"line":338,"column":22},"end":{"line":339,"column":null}}],"line":337},"46":{"loc":{"start":{"line":338,"column":22},"end":{"line":339,"column":null}},"type":"cond-expr","locations":[{"start":{"line":338,"column":55},"end":{"line":338,"column":null}},{"start":{"line":339,"column":22},"end":{"line":339,"column":null}}],"line":338},"47":{"loc":{"start":{"line":341,"column":24},"end":{"line":341,"column":47}},"type":"binary-expr","locations":[{"start":{"line":341,"column":24},"end":{"line":341,"column":41}},{"start":{"line":341,"column":41},"end":{"line":341,"column":47}}],"line":341},"48":{"loc":{"start":{"line":347,"column":21},"end":{"line":357,"column":null}},"type":"binary-expr","locations":[{"start":{"line":347,"column":21},"end":{"line":347,"column":null}},{"start":{"line":348,"column":22},"end":{"line":357,"column":null}}],"line":347},"49":{"loc":{"start":{"line":367,"column":9},"end":{"line":378,"column":null}},"type":"binary-expr","locations":[{"start":{"line":367,"column":9},"end":{"line":367,"column":null}},{"start":{"line":368,"column":10},"end":{"line":378,"column":null}}],"line":367},"50":{"loc":{"start":{"line":371,"column":15},"end":{"line":371,"column":null}},"type":"cond-expr","locations":[{"start":{"line":371,"column":35},"end":{"line":371,"column":56}},{"start":{"line":371,"column":56},"end":{"line":371,"column":null}}],"line":371},"51":{"loc":{"start":{"line":374,"column":15},"end":{"line":376,"column":null}},"type":"cond-expr","locations":[{"start":{"line":375,"column":18},"end":{"line":375,"column":null}},{"start":{"line":376,"column":18},"end":{"line":376,"column":null}}],"line":374}},"s":{"0":1,"1":6,"2":6,"3":6,"4":6,"5":6,"6":6,"7":6,"8":6,"9":6,"10":6,"11":6,"12":6,"13":3,"14":0,"15":6,"16":3,"17":3,"18":6,"19":3,"20":3,"21":3,"22":0,"23":3,"24":3,"25":0,"26":0,"27":3,"28":6,"29":3,"30":0,"31":3,"32":3,"33":3,"34":0,"35":3,"36":0,"37":3,"38":0,"39":6,"40":0,"41":0,"42":0,"43":0,"44":0,"45":0,"46":0,"47":0,"48":0,"49":0,"50":0,"51":0,"52":0,"53":0,"54":0,"55":0,"56":0,"57":0,"58":0,"59":0,"60":0,"61":0,"62":6,"63":0,"64":0,"65":0,"66":0,"67":0,"68":6,"69":2,"70":2,"71":0,"72":0,"73":0,"74":0,"75":0,"76":0,"77":0,"78":0,"79":0,"80":0,"81":0,"82":0,"83":0,"84":0,"85":0,"86":6,"87":2,"88":2,"89":2,"90":2,"91":2,"92":2,"93":0,"94":2,"95":0,"96":0,"97":0,"98":0,"99":0,"100":6,"101":6,"102":3,"103":2,"104":0,"105":0,"106":0,"107":0,"108":2,"109":2,"110":0,"111":0,"112":0,"113":0,"114":0},"f":{"0":6,"1":3,"2":3,"3":3,"4":3,"5":0,"6":0,"7":0,"8":0,"9":2,"10":2,"11":0,"12":0,"13":0,"14":0,"15":0,"16":2,"17":0,"18":0,"19":0},"b":{"0":[0,3],"1":[0,3],"2":[3,0],"3":[0,3],"4":[0,3],"5":[3,3],"6":[0,0],"7":[0,0],"8":[0,0],"9":[0,0],"10":[0,0],"11":[0,0],"12":[2,0],"13":[0,0],"14":[0,0],"15":[0,0],"16":[0,0],"17":[0,0],"18":[0,0],"19":[0,0],"20":[2,0],"21":[0,2],"22":[0,0,0],"23":[2,2],"24":[0,0,0,0],"25":[0,0],"26":[0,0],"27":[3,3],"28":[2,0],"29":[2,0],"30":[0,0],"31":[0,2],"32":[0,2],"33":[0,2],"34":[6,0],"35":[0,0],"36":[0,0],"37":[0,2],"38":[0,2],"39":[0,2],"40":[2,0],"41":[0,0],"42":[0,0],"43":[0,0],"44":[0,0],"45":[0,0],"46":[0,0],"47":[2,0],"48":[2,0],"49":[6,0],"50":[0,0],"51":[0,0]},"meta":{"lastBranch":52,"lastFunction":20,"lastStatement":115,"seen":{"s:17:32:383:Infinity":0,"f:17:32:17:38":0,"s:18:8:18:Infinity":1,"s:19:8:19:Infinity":2,"s:20:15:20:Infinity":3,"s:21:24:21:Infinity":4,"s:22:28:22:Infinity":5,"s:23:34:23:Infinity":6,"s:24:34:24:Infinity":7,"s:25:48:25:Infinity":8,"s:26:32:26:Infinity":9,"s:27:26:27:Infinity":10,"s:28:42:28:Infinity":11,"s:31:2:35:Infinity":12,"f:31:12:31:18":1,"b:32:4:34:Infinity:undefined:undefined:undefined:undefined":0,"s:32:4:34:Infinity":13,"s:33:6:33:Infinity":14,"s:37:2:40:Infinity":15,"f:37:12:37:18":2,"s:38:4:38:Infinity":16,"s:39:4:39:Infinity":17,"s:42:21:58:Infinity":18,"f:42:21:42:33":3,"s:43:4:57:Infinity":19,"s:44:30:47:Infinity":20,"b:49:6:49:Infinity:undefined:undefined:undefined:undefined":1,"s:49:6:49:Infinity":21,"s:49:17:49:Infinity":22,"s:50:6:50:Infinity":23,"s:51:6:51:Infinity":24,"b:51:15:51:23:51:23:51:25":2,"s:53:6:53:Infinity":25,"s:54:6:54:Infinity":26,"s:56:6:56:Infinity":27,"s:60:25:74:Infinity":28,"f:60:25:60:37":4,"b:61:4:61:Infinity:undefined:undefined:undefined:undefined":3,"s:61:4:61:Infinity":29,"s:61:15:61:Infinity":30,"s:62:4:73:Infinity":31,"s:63:30:66:Infinity":32,"b:68:6:68:Infinity:undefined:undefined:undefined:undefined":4,"s:68:6:68:Infinity":33,"s:68:17:68:Infinity":34,"s:69:21:69:Infinity":35,"b:69:29:69:58:69:58:69:60":5,"f:69:39:69:44":5,"s:69:44:69:53":36,"s:70:6:70:Infinity":37,"s:72:6:72:Infinity":38,"s:76:25:112:Infinity":39,"f:76:25:76:32":6,"s:77:4:77:Infinity":40,"b:78:4:78:Infinity:undefined:undefined:undefined:undefined":6,"s:78:4:78:Infinity":41,"s:78:15:78:Infinity":42,"s:80:23:80:Infinity":43,"s:82:4:111:Infinity":44,"b:83:6:107:Infinity:96:13:107:Infinity":7,"s:83:6:107:Infinity":45,"s:84:26:88:Infinity":46,"b:90:8:90:Infinity:undefined:undefined:undefined:undefined":8,"s:90:8:90:Infinity":47,"s:90:19:90:Infinity":48,"s:92:29:92:Infinity":49,"s:93:8:93:Infinity":50,"s:94:8:94:Infinity":51,"s:95:8:95:Infinity":52,"s:97:26:99:Infinity":53,"b:101:8:101:Infinity:undefined:undefined:undefined:undefined":9,"s:101:8:101:Infinity":54,"s:101:19:101:Infinity":55,"s:103:29:103:Infinity":56,"s:104:8:104:Infinity":57,"s:105:8:105:Infinity":58,"s:106:8:106:Infinity":59,"s:109:6:109:Infinity":60,"s:110:6:110:Infinity":61,"s:114:24:123:Infinity":62,"f:114:24:114:25":7,"b:115:4:122:Infinity:undefined:undefined:undefined:undefined":10,"s:115:4:122:Infinity":63,"b:115:8:115:32:115:32:115:45":11,"s:116:6:116:Infinity":64,"s:117:6:119:Infinity":65,"s:121:6:121:Infinity":66,"f:121:17:121:23":8,"s:121:23:121:45":67,"s:126:27:136:Infinity":68,"f:126:27:126:28":9,"b:127:4:127:Infinity:undefined:undefined:undefined:undefined":12,"s:127:4:127:Infinity":69,"s:127:34:127:Infinity":70,"b:128:4:128:Infinity:undefined:undefined:undefined:undefined":13,"s:128:4:128:Infinity":71,"s:128:38:128:Infinity":72,"b:129:4:129:Infinity:undefined:undefined:undefined:undefined":14,"s:129:4:129:Infinity":73,"s:129:37:129:Infinity":74,"b:130:4:130:Infinity:undefined:undefined:undefined:undefined":15,"s:130:4:130:Infinity":75,"s:130:41:130:Infinity":76,"b:131:4:131:Infinity:undefined:undefined:undefined:undefined":16,"s:131:4:131:Infinity":77,"s:131:38:131:Infinity":78,"b:132:4:132:Infinity:undefined:undefined:undefined:undefined":17,"s:132:4:132:Infinity":79,"s:132:39:132:Infinity":80,"b:133:4:133:Infinity:undefined:undefined:undefined:undefined":18,"s:133:4:133:Infinity":81,"s:133:38:133:Infinity":82,"b:134:4:134:Infinity:undefined:undefined:undefined:undefined":19,"s:134:4:134:Infinity":83,"s:134:38:134:Infinity":84,"s:135:4:135:Infinity":85,"s:139:24:162:Infinity":86,"f:139:37:139:45":10,"s:140:19:140:Infinity":87,"s:141:23:141:Infinity":88,"s:142:26:142:Infinity":89,"s:143:26:143:Infinity":90,"b:143:26:143:40:143:40:143:Infinity":20,"s:144:28:144:Infinity":91,"b:146:4:148:Infinity:undefined:undefined:undefined:undefined":21,"s:146:4:148:Infinity":92,"s:147:6:147:Infinity":93,"b:147:13:147:30:147:30:147:49:147:49:147:Infinity":22,"s:150:4:150:Infinity":94,"b:150:11:150:28:150:28:150:Infinity":23,"f:151:10:151:11":11,"b:153:6:154:Infinity:155:6:156:Infinity:157:6:158:Infinity:159:6:160:Infinity":24,"s:152:4:161:Infinity":95,"s:154:8:154:Infinity":96,"s:156:8:156:Infinity":97,"s:158:8:158:Infinity":98,"b:158:24:158:40:158:40:158:41":25,"b:158:64:158:80:158:80:158:81":26,"s:160:8:160:Infinity":99,"s:164:24:164:Infinity":100,"b:166:2:175:Infinity:undefined:undefined:undefined:undefined":27,"s:166:2:175:Infinity":101,"s:167:4:173:Infinity":102,"s:177:2:381:Infinity":103,"b:184:11:184:32:184:32:184:Infinity":28,"f:198:24:198:25":12,"s:198:31:198:Infinity":104,"f:207:24:207:25":13,"s:207:31:207:Infinity":105,"b:216:16:216:Infinity:217:18:222:Infinity":29,"b:218:16:218:Infinity:220:16:222:Infinity":30,"f:231:24:231:25":14,"s:231:31:231:Infinity":106,"f:254:21:254:27":15,"s:254:27:254:Infinity":107,"b:257:18:257:Infinity:258:18:258:Infinity":31,"b:261:64:261:79:261:79:261:81":32,"b:262:33:262:47:262:47:262:Infinity":33,"b:263:13:263:Infinity:264:14:268:Infinity":34,"b:265:36:265:54:265:54:265:Infinity":35,"f:293:31:293:32":16,"s:294:33:294:Infinity":108,"s:296:14:360:Infinity":109,"f:299:27:299:33":17,"s:299:33:299:Infinity":110,"b:299:33:299:57:299:57:299:Infinity":36,"b:301:43:301:62:301:62:301:Infinity":37,"f:307:31:307:32":18,"s:308:24:308:Infinity":111,"s:309:24:309:Infinity":112,"b:313:28:313:Infinity:314:28:314:Infinity":38,"b:317:63:317:83:317:83:317:85":39,"b:332:52:332:Infinity:333:22:339:Infinity":40,"b:333:51:333:Infinity:334:22:339:Infinity":41,"b:334:52:334:Infinity:335:22:339:Infinity":42,"b:335:53:335:Infinity:336:22:339:Infinity":43,"b:336:52:336:Infinity:337:22:339:Infinity":44,"b:337:52:337:Infinity:338:22:339:Infinity":45,"b:338:55:338:Infinity:339:22:339:Infinity":46,"b:341:24:341:41:341:41:341:47":47,"b:347:21:347:Infinity:348:22:357:Infinity":48,"f:349:33:349:34":19,"s:350:26:350:Infinity":113,"s:351:26:351:Infinity":114,"b:367:9:367:Infinity:368:10:378:Infinity":49,"b:371:35:371:56:371:56:371:Infinity":50,"b:375:18:375:Infinity:376:18:376:Infinity":51}}}
}
